12.4971 	EXP 	Created window1 = Window(allowGUI=False, allowStencil=False, autoLog=True, bitsMode=UNKNOWN, blendMode='avg', color=array([-1., -1., -1.]), colorSpace='rgb', fullscr=UNKNOWN, gamma=None, lms=UNKNOWN, monitor=<psychopy.monitors.calibTools.Monitor object at 0x17FC4E30>, name='window1', pos=[0, 0], screen=0, size=array([1920, 1080]), stereo=False, units=u'norm', useFBO=True, useRetina=False, viewOri=0.0, viewPos=None, viewScale=None, waitBlanking=True, winType='pyglet')
12.4972 	EXP 	window1: recordFrameIntervals = False
12.6631 	EXP 	window1: recordFrameIntervals = True
12.8465 	EXP 	window1: recordFrameIntervals = False
12.9434 	EXP 	Created Instructions = TextStim(alignHoriz='center', alignVert='center', antialias=True, autoLog=True, bold=False, color='white', colorSpace='named', contrast=1.0, depth=0.0, flipHoriz=False, flipVert=False, font='Arial', fontFiles=[], height=0.1, italic=False, name='Instructions', opacity=1.0, ori=0, pos=array([ 0.,  0.]), rgb=array([ 255.,  255.,  255.]), text=unicode(...), units=u'norm', win=Window(...), wrapWidth=1.5)
12.9548 	EXP 	Created Cont = TextStim(alignHoriz='center', alignVert='center', antialias=True, autoLog=True, bold=False, color='white', colorSpace='named', contrast=1.0, depth=-2.0, flipHoriz=False, flipVert=False, font='Arial', fontFiles=[], height=0.07, italic=False, name='Cont', opacity=1.0, ori=0, pos=array([ 0. , -0.9]), rgb=array([ 255.,  255.,  255.]), text=u'Please press a button  to continue.', units=u'norm', win=Window(...), wrapWidth=1)
13.0151 	EXP 	Created Instrucciones = TextStim(alignHoriz='center', alignVert='center', antialias=True, autoLog=True, bold=False, color='white', colorSpace='named', contrast=1.0, depth=0.0, flipHoriz=False, flipVert=False, font='Arial', fontFiles=[], height=0.08, italic=False, name='Instrucciones', opacity=1.0, ori=0, pos=array([ 0.,  0.]), rgb=array([ 255.,  255.,  255.]), text=unicode(...), units=u'norm', win=Window(...), wrapWidth=1.5)
13.0192 	EXP 	Created LongMouth = ImageStim(autoLog=True, color=array([ 1.,  1.,  1.]), colorSpace='rgb', contrast=1.0, depth=-2.0, flipHoriz=False, flipVert=False, image='caras\\long_mouth.bmp', interpolate=True, mask=None, maskParams=None, name='LongMouth', opacity=1.0, ori=0.0, pos=array([-0.5, -0.6]), size=array([ 0.13333333,  0.23703704]), texRes=128, units=u'norm', win=Window(...))
13.0216 	EXP 	Created SmallMouth = ImageStim(autoLog=True, color=array([ 1.,  1.,  1.]), colorSpace='rgb', contrast=1.0, depth=-3.0, flipHoriz=False, flipVert=False, image='caras\\short_mouth.bmp', interpolate=True, mask=None, maskParams=None, name='SmallMouth', opacity=1.0, ori=0.0, pos=array([ 0.5, -0.6]), size=array([ 0.13333333,  0.23703704]), texRes=128, units=u'norm', win=Window(...))
13.0304 	EXP 	Created BigM = TextStim(alignHoriz='center', alignVert='center', antialias=True, autoLog=True, bold=False, color='white', colorSpace='named', contrast=1.0, depth=-4.0, flipHoriz=False, flipVert=False, font='Arial', fontFiles=[], height=1, italic=False, name='BigM', opacity=1.0, ori=0, pos=array([-10.,  -9.]), rgb=array([ 255.,  255.,  255.]), text=u"Big Mouth 'v'", units='cm', win=Window(...), wrapWidth=15.0)
13.0428 	EXP 	Created LittleM = TextStim(alignHoriz='center', alignVert='center', antialias=True, autoLog=True, bold=False, color='white', colorSpace='named', contrast=1.0, depth=-5.0, flipHoriz=False, flipVert=False, font='Arial', fontFiles=[], height=0.09, italic=False, name='LittleM', opacity=1.0, ori=0, pos=array([ 0.5, -0.8]), rgb=array([ 255.,  255.,  255.]), text=u"Little Mouth 'm'", units=u'norm', win=Window(...), wrapWidth=1)
13.0506 	EXP 	Created Continue = TextStim(alignHoriz='center', alignVert='center', antialias=True, autoLog=True, bold=False, color='white', colorSpace='named', contrast=1.0, depth=-6.0, flipHoriz=False, flipVert=False, font='Arial', fontFiles=[], height=0.07, italic=False, name='Continue', opacity=1.0, ori=0, pos=array([ 0. , -0.9]), rgb=array([ 255.,  255.,  255.]), text=u'Please press a button  to continue.', units=u'norm', win=Window(...), wrapWidth=1)
13.1180 	EXP 	Created text_2 = TextStim(alignHoriz='center', alignVert='center', antialias=True, autoLog=True, bold=False, color='white', colorSpace='named', contrast=1.0, depth=0.0, flipHoriz=False, flipVert=False, font='Arial', fontFiles=[], height=0.08, italic=False, name='text_2', opacity=1.0, ori=0, pos=array([ 0.,  0.]), rgb=array([ 255.,  255.,  255.]), text=unicode(...), units=u'norm', win=Window(...), wrapWidth=1.5)
13.1211 	EXP 	Created crosshair = TextStim(alignHoriz='center', alignVert='center', antialias=True, autoLog=True, bold=False, color='white', colorSpace='named', contrast=1.0, depth=0.0, flipHoriz=False, flipVert=False, font='Arial', fontFiles=[], height=0.1, italic=False, name='crosshair', opacity=1.0, ori=0, pos=array([ 0.,  0.]), rgb=array([ 255.,  255.,  255.]), text=u'+', units=u'norm', win=Window(...), wrapWidth=1)
13.1235 	EXP 	Created Eyes_nose_only = ImageStim(autoLog=True, color=array([ 1.,  1.,  1.]), colorSpace='rgb', contrast=1.0, depth=-1.0, flipHoriz=False, flipVert=False, image='caras\\eyes_nose_only.bmp', interpolate=True, mask=None, maskParams=None, name='Eyes_nose_only', opacity=1.0, ori=0.0, pos=array([ 0.,  0.]), size=array([ 0.13333333,  0.23703704]), texRes=128, units=u'norm', win=Window(...))
13.1260 	EXP 	Created Stimulis = ImageStim(autoLog=True, color=array([ 1.,  1.,  1.]), colorSpace='rgb', contrast=1.0, depth=-2.0, flipHoriz=False, flipVert=False, image='sin', interpolate=True, mask=None, maskParams=None, name='Stimulis', opacity=1.0, ori=0.0, pos=array([ 0.,  0.]), size=array([ 0.5,  0.5]), texRes=128, units=u'norm', win=Window(...))
13.1283 	EXP 	Created Eyes_nose_only2 = ImageStim(autoLog=True, color=array([ 1.,  1.,  1.]), colorSpace='rgb', contrast=1.0, depth=-4.0, flipHoriz=False, flipVert=False, image='caras\\eyes_nose_only.bmp', interpolate=True, mask=None, maskParams=None, name='Eyes_nose_only2', opacity=1.0, ori=0.0, pos=array([ 0.,  0.]), size=array([ 0.13333333,  0.23703704]), texRes=128, units=u'norm', win=Window(...))
13.1329 	EXP 	Created feedback_text = TextStim(alignHoriz='center', alignVert='center', antialias=True, autoLog=True, bold=False, color='white', colorSpace='named', contrast=1.0, depth=-1.0, flipHoriz=False, flipVert=False, font='Arial', fontFiles=[], height=0.1, italic=False, name='feedback_text', opacity=1.0, ori=0, pos=array([ 0.,  0.]), rgb=array([ 255.,  255.,  255.]), text=u'default text', units=u'norm', win=Window(...), wrapWidth=1)
13.1464 	EXP 	Instructions: autoDraw = True
13.1464 	EXP 	Cont: autoDraw = True
15.6798 	DATA 	Keypress: right
15.6963 	EXP 	Instructions: autoDraw = False
15.6963 	EXP 	Cont: autoDraw = False
15.6963 	EXP 	Instrucciones: autoDraw = True
15.6963 	EXP 	LongMouth: autoDraw = True
15.6963 	EXP 	SmallMouth: autoDraw = True
15.6963 	EXP 	BigM: autoDraw = True
15.6963 	EXP 	LittleM: autoDraw = True
15.6963 	EXP 	Continue: autoDraw = True
18.8297 	DATA 	Keypress: right
18.8462 	EXP 	Instrucciones: autoDraw = False
18.8462 	EXP 	LongMouth: autoDraw = False
18.8462 	EXP 	SmallMouth: autoDraw = False
18.8462 	EXP 	BigM: autoDraw = False
18.8462 	EXP 	LittleM: autoDraw = False
18.8462 	EXP 	Continue: autoDraw = False
18.8462 	EXP 	text_2: autoDraw = True
22.9295 	DATA 	Keypress: right
22.9345 	EXP 	Imported SIGDETExample.xlsx as conditions, 2 conditions, 3 params
22.9348 	EXP 	Created sequence: random, trialTypes=2, nReps=2, seed=None
22.9351 	EXP 	New trial (rep=0, index=0): {u'corAns': u'v', u'Stim': u'caras\\long_mouth.bmp', u'Feedback': None}
22.9460 	EXP 	text_2: autoDraw = False
22.9460 	EXP 	Stimulis: size = array([ 0.13333333,  0.23703704])
22.9460 	EXP 	Stimulis: image = u'caras\\long_mouth.bmp'
22.9460 	EXP 	crosshair: autoDraw = True
23.9460 	EXP 	crosshair: autoDraw = False
23.9626 	EXP 	Eyes_nose_only: autoDraw = True
24.4460 	EXP 	Eyes_nose_only: autoDraw = False
24.4626 	EXP 	Stimulis: autoDraw = True
24.5626 	EXP 	Stimulis: autoDraw = False
24.6961 	DATA 	Keypress: m
24.6969 	EXP 	New trial (rep=0, index=1): {u'corAns': u'm', u'Stim': u'caras\\short_mouth.bmp', u'Feedback': None}
24.7126 	EXP 	crosshair: autoDraw = False
24.7126 	EXP 	Eyes_nose_only: autoDraw = False
24.7126 	EXP 	Stimulis: autoDraw = False
24.7126 	EXP 	Eyes_nose_only2: autoDraw = False
24.7126 	EXP 	Stimulis: size = array([ 0.13333333,  0.23703704])
24.7126 	EXP 	Stimulis: image = u'caras\\short_mouth.bmp'
24.7126 	EXP 	crosshair: autoDraw = True
25.7126 	EXP 	crosshair: autoDraw = False
25.7293 	EXP 	Eyes_nose_only: autoDraw = True
26.2126 	EXP 	Eyes_nose_only: autoDraw = False
26.2128 	DATA 	Keypress: v
26.2292 	EXP 	Stimulis: autoDraw = True
26.3126 	EXP 	Stimulis: autoDraw = False
27.1292 	EXP 	Eyes_nose_only2: autoDraw = True
27.6127 	DATA 	Keypress: m
28.5969 	EXP 	New trial (rep=1, index=0): {u'corAns': u'm', u'Stim': u'caras\\short_mouth.bmp', u'Feedback': None}
28.6125 	EXP 	Eyes_nose_only2: autoDraw = False
28.6125 	EXP 	crosshair: autoDraw = False
28.6125 	EXP 	Eyes_nose_only: autoDraw = False
28.6125 	EXP 	Stimulis: autoDraw = False
28.6125 	EXP 	Eyes_nose_only2: autoDraw = False
28.6125 	EXP 	Stimulis: size = array([ 0.13333333,  0.23703704])
28.6125 	EXP 	Stimulis: image = u'caras\\short_mouth.bmp'
28.6125 	EXP 	crosshair: autoDraw = True
29.6124 	EXP 	crosshair: autoDraw = False
29.6292 	EXP 	Eyes_nose_only: autoDraw = True
30.0126 	DATA 	Keypress: v
30.1124 	EXP 	Eyes_nose_only: autoDraw = False
30.1291 	EXP 	Stimulis: autoDraw = True
30.2124 	EXP 	Stimulis: autoDraw = False
31.0291 	EXP 	Eyes_nose_only2: autoDraw = True
31.8125 	DATA 	Keypress: v
32.4964 	EXP 	New trial (rep=1, index=1): {u'corAns': u'v', u'Stim': u'caras\\long_mouth.bmp', u'Feedback': None}
32.5123 	EXP 	Eyes_nose_only2: autoDraw = False
32.5123 	EXP 	crosshair: autoDraw = False
32.5123 	EXP 	Eyes_nose_only: autoDraw = False
32.5123 	EXP 	Stimulis: autoDraw = False
32.5123 	EXP 	Eyes_nose_only2: autoDraw = False
32.5123 	EXP 	Stimulis: size = array([ 0.13333333,  0.23703704])
32.5123 	EXP 	Stimulis: image = u'caras\\long_mouth.bmp'
32.5123 	EXP 	crosshair: autoDraw = True
33.5123 	EXP 	crosshair: autoDraw = False
33.5290 	EXP 	Eyes_nose_only: autoDraw = True
33.9125 	DATA 	Keypress: m
34.0123 	EXP 	Eyes_nose_only: autoDraw = False
34.0290 	EXP 	Stimulis: autoDraw = True
34.1123 	EXP 	Stimulis: autoDraw = False
34.9289 	EXP 	Eyes_nose_only2: autoDraw = True
35.5624 	DATA 	Keypress: v
36.4289 	EXP 	Eyes_nose_only2: autoDraw = False
36.4289 	EXP 	crosshair: autoDraw = False
36.4289 	EXP 	Eyes_nose_only: autoDraw = False
36.4289 	EXP 	Stimulis: autoDraw = False
36.4289 	EXP 	Eyes_nose_only2: autoDraw = False
36.4289 	EXP 	feedback_text: text = 'Thanks for participating - that took 0.39 minutes in total'
36.4289 	EXP 	feedback_text: autoDraw = True
36.5291 	DATA 	Keypress: m
39.4120 	EXP 	window1: mouseVisible = True
