6.5417 	EXP 	Created window1 = Window(allowGUI=False, allowStencil=False, autoLog=True, bitsMode=UNKNOWN, blendMode='avg', color=array([-1., -1., -1.]), colorSpace='rgb', fullscr=UNKNOWN, gamma=None, lms=UNKNOWN, monitor=<psychopy.monitors.calibTools.Monitor object at 0x17CF2E30>, name='window1', pos=[0, 0], screen=0, size=array([1920, 1080]), stereo=False, units=u'norm', useFBO=True, useRetina=False, viewOri=0.0, viewPos=None, viewScale=None, waitBlanking=True, winType='pyglet')
6.5417 	EXP 	window1: recordFrameIntervals = False
6.7077 	EXP 	window1: recordFrameIntervals = True
6.7910 	WARNING 	t of last frame was 32.91ms (=1/30)
6.9577 	EXP 	window1: recordFrameIntervals = False
7.0561 	EXP 	Created Instructions = TextStim(alignHoriz='center', alignVert='center', antialias=True, autoLog=True, bold=False, color='white', colorSpace='named', contrast=1.0, depth=0.0, flipHoriz=False, flipVert=False, font='Arial', fontFiles=[], height=0.1, italic=False, name='Instructions', opacity=1.0, ori=0, pos=array([ 0.,  0.]), rgb=array([ 255.,  255.,  255.]), text=unicode(...), units=u'norm', win=Window(...), wrapWidth=1.5)
7.0686 	EXP 	Created Cont = TextStim(alignHoriz='center', alignVert='center', antialias=True, autoLog=True, bold=False, color='white', colorSpace='named', contrast=1.0, depth=-2.0, flipHoriz=False, flipVert=False, font='Arial', fontFiles=[], height=0.07, italic=False, name='Cont', opacity=1.0, ori=0, pos=array([ 0. , -0.9]), rgb=array([ 255.,  255.,  255.]), text=u'Please press a button  to continue.', units=u'norm', win=Window(...), wrapWidth=1)
7.1328 	EXP 	Created Instrucciones = TextStim(alignHoriz='center', alignVert='center', antialias=True, autoLog=True, bold=False, color='white', colorSpace='named', contrast=1.0, depth=0.0, flipHoriz=False, flipVert=False, font='Arial', fontFiles=[], height=0.08, italic=False, name='Instrucciones', opacity=1.0, ori=0, pos=array([ 0.,  0.]), rgb=array([ 255.,  255.,  255.]), text=unicode(...), units=u'norm', win=Window(...), wrapWidth=1.5)
7.1367 	EXP 	Created LongMouth = ImageStim(autoLog=True, color=array([ 1.,  1.,  1.]), colorSpace='rgb', contrast=1.0, depth=-2.0, flipHoriz=False, flipVert=False, image='caras\\long_mouth.bmp', interpolate=True, mask=None, maskParams=None, name='LongMouth', opacity=1.0, ori=0.0, pos=array([-0.5, -0.6]), size=array([ 0.13333333,  0.23703704]), texRes=128, units=u'norm', win=Window(...))
7.1390 	EXP 	Created SmallMouth = ImageStim(autoLog=True, color=array([ 1.,  1.,  1.]), colorSpace='rgb', contrast=1.0, depth=-3.0, flipHoriz=False, flipVert=False, image='caras\\short_mouth.bmp', interpolate=True, mask=None, maskParams=None, name='SmallMouth', opacity=1.0, ori=0.0, pos=array([ 0.5, -0.6]), size=array([ 0.13333333,  0.23703704]), texRes=128, units=u'norm', win=Window(...))
7.1474 	EXP 	Created BigM = TextStim(alignHoriz='center', alignVert='center', antialias=True, autoLog=True, bold=False, color='white', colorSpace='named', contrast=1.0, depth=-4.0, flipHoriz=False, flipVert=False, font='Arial', fontFiles=[], height=1, italic=False, name='BigM', opacity=1.0, ori=0, pos=array([-10.,  -9.]), rgb=array([ 255.,  255.,  255.]), text=u"Big Mouth 'v'", units='cm', win=Window(...), wrapWidth=15.0)
7.1602 	EXP 	Created LittleM = TextStim(alignHoriz='center', alignVert='center', antialias=True, autoLog=True, bold=False, color='white', colorSpace='named', contrast=1.0, depth=-5.0, flipHoriz=False, flipVert=False, font='Arial', fontFiles=[], height=0.09, italic=False, name='LittleM', opacity=1.0, ori=0, pos=array([ 0.5, -0.8]), rgb=array([ 255.,  255.,  255.]), text=u"Little Mouth 'm'", units=u'norm', win=Window(...), wrapWidth=1)
7.1679 	EXP 	Created Continue = TextStim(alignHoriz='center', alignVert='center', antialias=True, autoLog=True, bold=False, color='white', colorSpace='named', contrast=1.0, depth=-6.0, flipHoriz=False, flipVert=False, font='Arial', fontFiles=[], height=0.07, italic=False, name='Continue', opacity=1.0, ori=0, pos=array([ 0. , -0.9]), rgb=array([ 255.,  255.,  255.]), text=u'Please press a button  to continue.', units=u'norm', win=Window(...), wrapWidth=1)
7.2356 	EXP 	Created text_2 = TextStim(alignHoriz='center', alignVert='center', antialias=True, autoLog=True, bold=False, color='white', colorSpace='named', contrast=1.0, depth=0.0, flipHoriz=False, flipVert=False, font='Arial', fontFiles=[], height=0.08, italic=False, name='text_2', opacity=1.0, ori=0, pos=array([ 0.,  0.]), rgb=array([ 255.,  255.,  255.]), text=unicode(...), units=u'norm', win=Window(...), wrapWidth=1.5)
7.2387 	EXP 	Created crosshair = TextStim(alignHoriz='center', alignVert='center', antialias=True, autoLog=True, bold=False, color='white', colorSpace='named', contrast=1.0, depth=0.0, flipHoriz=False, flipVert=False, font='Arial', fontFiles=[], height=0.1, italic=False, name='crosshair', opacity=1.0, ori=0, pos=array([ 0.,  0.]), rgb=array([ 255.,  255.,  255.]), text=u'+', units=u'norm', win=Window(...), wrapWidth=1)
7.2413 	EXP 	Created Eyes_nose_only = ImageStim(autoLog=True, color=array([ 1.,  1.,  1.]), colorSpace='rgb', contrast=1.0, depth=-1.0, flipHoriz=False, flipVert=False, image=u'caras\\eyes_nose_only.bmp', interpolate=True, mask=None, maskParams=None, name='Eyes_nose_only', opacity=1.0, ori=0.0, pos=array([ 0.,  0.]), size=array([ 0.13333333,  0.23703704]), texRes=128, units=u'norm', win=Window(...))
7.2438 	EXP 	Created Stimulis = ImageStim(autoLog=True, color=array([ 1.,  1.,  1.]), colorSpace='rgb', contrast=1.0, depth=-2.0, flipHoriz=False, flipVert=False, image='sin', interpolate=True, mask=None, maskParams=None, name='Stimulis', opacity=1.0, ori=0.0, pos=array([ 0.,  0.]), size=array([ 0.5,  0.5]), texRes=128, units=u'norm', win=Window(...))
7.2461 	EXP 	Created Eyes_nose_only2 = ImageStim(autoLog=True, color=array([ 1.,  1.,  1.]), colorSpace='rgb', contrast=1.0, depth=-4.0, flipHoriz=False, flipVert=False, image=u'caras\\eyes_nose_only.bmp', interpolate=True, mask=None, maskParams=None, name='Eyes_nose_only2', opacity=1.0, ori=0.0, pos=array([ 0.,  0.]), size=array([ 0.13333333,  0.23703704]), texRes=128, units=u'norm', win=Window(...))
7.2503 	EXP 	Created feedback_text = TextStim(alignHoriz='center', alignVert='center', antialias=True, autoLog=True, bold=False, color='white', colorSpace='named', contrast=1.0, depth=-1.0, flipHoriz=False, flipVert=False, font='Arial', fontFiles=[], height=0.1, italic=False, name='feedback_text', opacity=1.0, ori=0, pos=array([ 0.,  0.]), rgb=array([ 255.,  255.,  255.]), text=u'default text', units=u'norm', win=Window(...), wrapWidth=1)
7.2577 	EXP 	Instructions: autoDraw = True
7.2577 	EXP 	Cont: autoDraw = True
16.7742 	DATA 	Keypress: right
16.7907 	EXP 	Instructions: autoDraw = False
16.7907 	EXP 	Cont: autoDraw = False
16.7907 	EXP 	Instrucciones: autoDraw = True
16.7907 	EXP 	LongMouth: autoDraw = True
16.7907 	EXP 	SmallMouth: autoDraw = True
16.7907 	EXP 	BigM: autoDraw = True
16.7907 	EXP 	LittleM: autoDraw = True
16.7907 	EXP 	Continue: autoDraw = True
45.5899 	DATA 	Keypress: right
45.6064 	EXP 	Instrucciones: autoDraw = False
45.6064 	EXP 	LongMouth: autoDraw = False
45.6064 	EXP 	SmallMouth: autoDraw = False
45.6064 	EXP 	BigM: autoDraw = False
45.6064 	EXP 	LittleM: autoDraw = False
45.6064 	EXP 	Continue: autoDraw = False
45.6064 	EXP 	text_2: autoDraw = True
68.1058 	DATA 	Keypress: right
68.1132 	EXP 	Imported SIGDETExample.xlsx as conditions, 2 conditions, 3 params
68.1135 	EXP 	Created sequence: random, trialTypes=2, nReps=2, seed=None
68.1138 	EXP 	New trial (rep=0, index=0): {u'corAns': u'v', u'Stim': u'caras\\long_mouth.bmp', u'Feedback': None}
68.1223 	EXP 	text_2: autoDraw = False
68.1223 	EXP 	Stimulis: size = array([ 0.13333333,  0.23703704])
68.1223 	EXP 	Stimulis: image = u'caras\\long_mouth.bmp'
68.1223 	EXP 	crosshair: autoDraw = True
69.1222 	EXP 	crosshair: autoDraw = False
69.1389 	EXP 	Eyes_nose_only: autoDraw = True
69.6389 	EXP 	Stimulis: autoDraw = True
70.2891 	DATA 	Keypress: m
70.5388 	EXP 	Eyes_nose_only2: autoDraw = True
70.6222 	EXP 	Stimulis: autoDraw = False
71.1222 	EXP 	Eyes_nose_only: autoDraw = False
72.5061 	EXP 	New trial (rep=0, index=1): {u'corAns': u'm', u'Stim': u'caras\\short_mouth.bmp', u'Feedback': None}
72.5221 	EXP 	Eyes_nose_only2: autoDraw = False
72.5221 	EXP 	crosshair: autoDraw = False
72.5221 	EXP 	Eyes_nose_only: autoDraw = False
72.5221 	EXP 	Stimulis: autoDraw = False
72.5221 	EXP 	Eyes_nose_only2: autoDraw = False
72.5221 	EXP 	Stimulis: size = array([ 0.13333333,  0.23703704])
72.5221 	EXP 	Stimulis: image = u'caras\\short_mouth.bmp'
72.5221 	EXP 	crosshair: autoDraw = True
73.5221 	EXP 	crosshair: autoDraw = False
73.5387 	EXP 	Eyes_nose_only: autoDraw = True
74.0387 	EXP 	Stimulis: autoDraw = True
74.9387 	EXP 	Eyes_nose_only2: autoDraw = True
74.9889 	DATA 	Keypress: m
75.0220 	EXP 	Stimulis: autoDraw = False
75.5220 	EXP 	Eyes_nose_only: autoDraw = False
76.9059 	EXP 	New trial (rep=1, index=0): {u'corAns': u'm', u'Stim': u'caras\\short_mouth.bmp', u'Feedback': None}
76.9220 	EXP 	Eyes_nose_only2: autoDraw = False
76.9220 	EXP 	crosshair: autoDraw = False
76.9220 	EXP 	Eyes_nose_only: autoDraw = False
76.9220 	EXP 	Stimulis: autoDraw = False
76.9220 	EXP 	Eyes_nose_only2: autoDraw = False
76.9220 	EXP 	Stimulis: size = array([ 0.13333333,  0.23703704])
76.9220 	EXP 	Stimulis: image = u'caras\\short_mouth.bmp'
76.9220 	EXP 	crosshair: autoDraw = True
77.9220 	EXP 	crosshair: autoDraw = False
77.9386 	EXP 	Eyes_nose_only: autoDraw = True
78.4386 	EXP 	Stimulis: autoDraw = True
79.3385 	EXP 	Eyes_nose_only2: autoDraw = True
79.4219 	EXP 	Stimulis: autoDraw = False
79.5721 	DATA 	Keypress: m
79.9218 	EXP 	Eyes_nose_only: autoDraw = False
81.3057 	EXP 	New trial (rep=1, index=1): {u'corAns': u'v', u'Stim': u'caras\\long_mouth.bmp', u'Feedback': None}
81.3218 	EXP 	Eyes_nose_only2: autoDraw = False
81.3218 	EXP 	crosshair: autoDraw = False
81.3218 	EXP 	Eyes_nose_only: autoDraw = False
81.3218 	EXP 	Stimulis: autoDraw = False
81.3218 	EXP 	Eyes_nose_only2: autoDraw = False
81.3218 	EXP 	Stimulis: size = array([ 0.13333333,  0.23703704])
81.3218 	EXP 	Stimulis: image = u'caras\\long_mouth.bmp'
81.3218 	EXP 	crosshair: autoDraw = True
82.3218 	EXP 	crosshair: autoDraw = False
82.3384 	EXP 	Eyes_nose_only: autoDraw = True
82.8384 	EXP 	Stimulis: autoDraw = True
83.3886 	DATA 	Keypress: v
83.4217 	EXP 	crosshair: autoDraw = False
83.4217 	EXP 	Eyes_nose_only: autoDraw = False
83.4217 	EXP 	Stimulis: autoDraw = False
83.4217 	EXP 	Eyes_nose_only2: autoDraw = False
83.4217 	EXP 	feedback_text: text = 'Thanks for participating - that took 1.27 minutes in total'
83.4217 	EXP 	feedback_text: autoDraw = True
86.4024 	EXP 	window1: mouseVisible = True
