7.8509 	EXP 	Created window1 = Window(allowGUI=False, allowStencil=False, autoLog=True, bitsMode=UNKNOWN, blendMode='avg', color=array([-1., -1., -1.]), colorSpace='rgb', fullscr=UNKNOWN, gamma=None, lms=UNKNOWN, monitor=<psychopy.monitors.calibTools.Monitor object at 0x18A64E70>, name='window1', pos=[0, 0], screen=0, size=array([1920, 1080]), stereo=False, units=u'norm', useFBO=True, useRetina=False, viewOri=0.0, viewPos=None, viewScale=None, waitBlanking=True, winType='pyglet')
7.8510 	EXP 	window1: recordFrameIntervals = False
8.0170 	EXP 	window1: recordFrameIntervals = True
8.2004 	EXP 	window1: recordFrameIntervals = False
8.4370 	EXP 	Created Instructions = TextStim(alignHoriz='center', alignVert='center', antialias=True, autoLog=True, bold=False, color='white', colorSpace='named', contrast=1.0, depth=0.0, flipHoriz=False, flipVert=False, font='Arial', fontFiles=[], height=0.1, italic=False, name='Instructions', opacity=1.0, ori=0, pos=array([ 0.,  0.]), rgb=array([ 255.,  255.,  255.]), text=unicode(...), units=u'norm', win=Window(...), wrapWidth=1.5)
8.4483 	EXP 	Created Cont = TextStim(alignHoriz='center', alignVert='center', antialias=True, autoLog=True, bold=False, color='white', colorSpace='named', contrast=1.0, depth=-2.0, flipHoriz=False, flipVert=False, font='Arial', fontFiles=[], height=0.07, italic=False, name='Cont', opacity=1.0, ori=0, pos=array([ 0. , -0.9]), rgb=array([ 255.,  255.,  255.]), text=u'Please press a button  to continue.', units=u'norm', win=Window(...), wrapWidth=1)
8.5137 	EXP 	Created Instrucciones = TextStim(alignHoriz='center', alignVert='center', antialias=True, autoLog=True, bold=False, color='white', colorSpace='named', contrast=1.0, depth=0.0, flipHoriz=False, flipVert=False, font='Arial', fontFiles=[], height=0.08, italic=False, name='Instrucciones', opacity=1.0, ori=0, pos=array([ 0.,  0.]), rgb=array([ 255.,  255.,  255.]), text=unicode(...), units=u'norm', win=Window(...), wrapWidth=1.5)
8.5250 	EXP 	Created LongMouth = ImageStim(autoLog=True, color=array([ 1.,  1.,  1.]), colorSpace='rgb', contrast=1.0, depth=-2.0, flipHoriz=False, flipVert=False, image='caras\\long_mouth.bmp', interpolate=True, mask=None, maskParams=None, name='LongMouth', opacity=1.0, ori=0.0, pos=array([-0.5, -0.6]), size=array([ 0.13333333,  0.23703704]), texRes=128, units=u'norm', win=Window(...))
8.5296 	EXP 	Created SmallMouth = ImageStim(autoLog=True, color=array([ 1.,  1.,  1.]), colorSpace='rgb', contrast=1.0, depth=-3.0, flipHoriz=False, flipVert=False, image='caras\\short_mouth.bmp', interpolate=True, mask=None, maskParams=None, name='SmallMouth', opacity=1.0, ori=0.0, pos=array([ 0.5, -0.6]), size=array([ 0.13333333,  0.23703704]), texRes=128, units=u'norm', win=Window(...))
8.5380 	EXP 	Created BigM = TextStim(alignHoriz='center', alignVert='center', antialias=True, autoLog=True, bold=False, color='white', colorSpace='named', contrast=1.0, depth=-4.0, flipHoriz=False, flipVert=False, font='Arial', fontFiles=[], height=1, italic=False, name='BigM', opacity=1.0, ori=0, pos=array([-10.,  -9.]), rgb=array([ 255.,  255.,  255.]), text=u"Big Mouth 'v'", units='cm', win=Window(...), wrapWidth=15.0)
8.5506 	EXP 	Created LittleM = TextStim(alignHoriz='center', alignVert='center', antialias=True, autoLog=True, bold=False, color='white', colorSpace='named', contrast=1.0, depth=-5.0, flipHoriz=False, flipVert=False, font='Arial', fontFiles=[], height=0.09, italic=False, name='LittleM', opacity=1.0, ori=0, pos=array([ 0.5, -0.8]), rgb=array([ 255.,  255.,  255.]), text=u"Little Mouth 'm'", units=u'norm', win=Window(...), wrapWidth=1)
8.5583 	EXP 	Created Continue = TextStim(alignHoriz='center', alignVert='center', antialias=True, autoLog=True, bold=False, color='white', colorSpace='named', contrast=1.0, depth=-6.0, flipHoriz=False, flipVert=False, font='Arial', fontFiles=[], height=0.07, italic=False, name='Continue', opacity=1.0, ori=0, pos=array([ 0. , -0.9]), rgb=array([ 255.,  255.,  255.]), text=u'Please press a button  to continue.', units=u'norm', win=Window(...), wrapWidth=1)
8.6271 	EXP 	Created text_2 = TextStim(alignHoriz='center', alignVert='center', antialias=True, autoLog=True, bold=False, color='white', colorSpace='named', contrast=1.0, depth=0.0, flipHoriz=False, flipVert=False, font='Arial', fontFiles=[], height=0.08, italic=False, name='text_2', opacity=1.0, ori=0, pos=array([ 0.,  0.]), rgb=array([ 255.,  255.,  255.]), text=unicode(...), units=u'norm', win=Window(...), wrapWidth=1.5)
8.6302 	EXP 	Created crosshair = TextStim(alignHoriz='center', alignVert='center', antialias=True, autoLog=True, bold=False, color='white', colorSpace='named', contrast=1.0, depth=0.0, flipHoriz=False, flipVert=False, font='Arial', fontFiles=[], height=0.1, italic=False, name='crosshair', opacity=1.0, ori=0, pos=array([ 0.,  0.]), rgb=array([ 255.,  255.,  255.]), text=u'+', units=u'norm', win=Window(...), wrapWidth=1)
8.6365 	EXP 	Created Eyes_nose_only = ImageStim(autoLog=True, color=array([ 1.,  1.,  1.]), colorSpace='rgb', contrast=1.0, depth=-1.0, flipHoriz=False, flipVert=False, image='caras\\eyes_nose_only.bmp', interpolate=True, mask=None, maskParams=None, name='Eyes_nose_only', opacity=1.0, ori=0.0, pos=array([ 0.,  0.]), size=array([ 0.13333333,  0.23703704]), texRes=128, units=u'norm', win=Window(...))
8.6390 	EXP 	Created Stimulis = ImageStim(autoLog=True, color=array([ 1.,  1.,  1.]), colorSpace='rgb', contrast=1.0, depth=-2.0, flipHoriz=False, flipVert=False, image='sin', interpolate=True, mask=None, maskParams=None, name='Stimulis', opacity=1.0, ori=0.0, pos=array([ 0.,  0.]), size=array([ 0.5,  0.5]), texRes=128, units=u'norm', win=Window(...))
8.6411 	EXP 	Created Eyes_nose_only2 = ImageStim(autoLog=True, color=array([ 1.,  1.,  1.]), colorSpace='rgb', contrast=1.0, depth=-4.0, flipHoriz=False, flipVert=False, image='caras\\eyes_nose_only.bmp', interpolate=True, mask=None, maskParams=None, name='Eyes_nose_only2', opacity=1.0, ori=0.0, pos=array([ 0.,  0.]), size=array([ 0.13333333,  0.23703704]), texRes=128, units=u'norm', win=Window(...))
8.6454 	EXP 	Created feedback_text = TextStim(alignHoriz='center', alignVert='center', antialias=True, autoLog=True, bold=False, color='white', colorSpace='named', contrast=1.0, depth=-1.0, flipHoriz=False, flipVert=False, font='Arial', fontFiles=[], height=0.1, italic=False, name='feedback_text', opacity=1.0, ori=0, pos=array([ 0.,  0.]), rgb=array([ 255.,  255.,  255.]), text=u'default text', units=u'norm', win=Window(...), wrapWidth=1)
8.6669 	EXP 	Instructions: autoDraw = True
8.6669 	EXP 	Cont: autoDraw = True
11.3169 	DATA 	Keypress: right
11.3334 	EXP 	Instructions: autoDraw = False
11.3334 	EXP 	Cont: autoDraw = False
11.3334 	EXP 	Instrucciones: autoDraw = True
11.3334 	EXP 	LongMouth: autoDraw = True
11.3334 	EXP 	SmallMouth: autoDraw = True
11.3334 	EXP 	BigM: autoDraw = True
11.3334 	EXP 	LittleM: autoDraw = True
11.3334 	EXP 	Continue: autoDraw = True
16.9835 	DATA 	Keypress: right
16.9999 	EXP 	Instrucciones: autoDraw = False
16.9999 	EXP 	LongMouth: autoDraw = False
16.9999 	EXP 	SmallMouth: autoDraw = False
16.9999 	EXP 	BigM: autoDraw = False
16.9999 	EXP 	LittleM: autoDraw = False
16.9999 	EXP 	Continue: autoDraw = False
16.9999 	EXP 	text_2: autoDraw = True
18.9000 	DATA 	Keypress: down
18.9098 	EXP 	Imported SIGDETExample.xlsx as conditions, 2 conditions, 3 params
18.9101 	EXP 	Created sequence: random, trialTypes=2, nReps=2, seed=None
18.9104 	EXP 	New trial (rep=0, index=0): {u'corAns': u'm', u'Stim': u'caras\\short_mouth.bmp', u'Feedback': None}
18.9165 	EXP 	text_2: autoDraw = False
18.9165 	EXP 	Stimulis: size = array([ 0.13333333,  0.23703704])
18.9165 	EXP 	Stimulis: image = u'caras\\short_mouth.bmp'
18.9165 	EXP 	crosshair: autoDraw = True
19.9165 	EXP 	crosshair: autoDraw = False
19.9331 	EXP 	Eyes_nose_only: autoDraw = True
20.4165 	EXP 	Eyes_nose_only: autoDraw = False
20.4331 	EXP 	Stimulis: autoDraw = True
20.5165 	EXP 	Stimulis: autoDraw = False
21.3331 	EXP 	Eyes_nose_only2: autoDraw = True
22.8004 	EXP 	New trial (rep=0, index=1): {u'corAns': u'v', u'Stim': u'caras\\long_mouth.bmp', u'Feedback': None}
22.8164 	EXP 	Eyes_nose_only2: autoDraw = False
22.8164 	EXP 	crosshair: autoDraw = False
22.8164 	EXP 	Eyes_nose_only: autoDraw = False
22.8164 	EXP 	Stimulis: autoDraw = False
22.8164 	EXP 	Eyes_nose_only2: autoDraw = False
22.8164 	EXP 	Stimulis: size = array([ 0.13333333,  0.23703704])
22.8164 	EXP 	Stimulis: image = u'caras\\long_mouth.bmp'
22.8164 	EXP 	crosshair: autoDraw = True
23.8163 	EXP 	crosshair: autoDraw = False
23.8330 	EXP 	Eyes_nose_only: autoDraw = True
24.3163 	EXP 	Eyes_nose_only: autoDraw = False
24.3330 	EXP 	Stimulis: autoDraw = True
24.4168 	EXP 	Stimulis: autoDraw = False
25.2330 	EXP 	Eyes_nose_only2: autoDraw = True
26.4331 	DATA 	Keypress: v
26.7002 	EXP 	New trial (rep=1, index=0): {u'corAns': u'm', u'Stim': u'caras\\short_mouth.bmp', u'Feedback': None}
26.7162 	EXP 	Eyes_nose_only2: autoDraw = False
26.7162 	EXP 	crosshair: autoDraw = False
26.7162 	EXP 	Eyes_nose_only: autoDraw = False
26.7162 	EXP 	Stimulis: autoDraw = False
26.7162 	EXP 	Eyes_nose_only2: autoDraw = False
26.7162 	EXP 	Stimulis: size = array([ 0.13333333,  0.23703704])
26.7162 	EXP 	Stimulis: image = u'caras\\short_mouth.bmp'
26.7162 	EXP 	crosshair: autoDraw = True
27.7162 	EXP 	crosshair: autoDraw = False
27.7329 	EXP 	Eyes_nose_only: autoDraw = True
28.2162 	EXP 	Eyes_nose_only: autoDraw = False
28.2328 	EXP 	Stimulis: autoDraw = True
28.3162 	EXP 	Stimulis: autoDraw = False
28.9997 	DATA 	Keypress: m
29.1329 	EXP 	Eyes_nose_only2: autoDraw = True
30.6000 	EXP 	New trial (rep=1, index=1): {u'corAns': u'v', u'Stim': u'caras\\long_mouth.bmp', u'Feedback': None}
30.6161 	EXP 	Eyes_nose_only2: autoDraw = False
30.6161 	EXP 	crosshair: autoDraw = False
30.6161 	EXP 	Eyes_nose_only: autoDraw = False
30.6161 	EXP 	Stimulis: autoDraw = False
30.6161 	EXP 	Eyes_nose_only2: autoDraw = False
30.6161 	EXP 	Stimulis: size = array([ 0.13333333,  0.23703704])
30.6161 	EXP 	Stimulis: image = u'caras\\long_mouth.bmp'
30.6161 	EXP 	crosshair: autoDraw = True
31.6161 	EXP 	crosshair: autoDraw = False
31.6328 	EXP 	Eyes_nose_only: autoDraw = True
32.1160 	EXP 	Eyes_nose_only: autoDraw = False
32.1327 	EXP 	Stimulis: autoDraw = True
32.2160 	EXP 	Stimulis: autoDraw = False
32.3329 	DATA 	Keypress: v
32.3660 	EXP 	crosshair: autoDraw = False
32.3660 	EXP 	Eyes_nose_only: autoDraw = False
32.3660 	EXP 	Stimulis: autoDraw = False
32.3660 	EXP 	Eyes_nose_only2: autoDraw = False
32.3660 	EXP 	feedback_text: text = 'Thanks for participating - that took 0.39 minutes in total'
32.3660 	EXP 	feedback_text: autoDraw = True
35.3502 	EXP 	window1: mouseVisible = True
